<?xml version="1.0" encoding="UTF-8"?>
<!-- Generated by org.testng.reporters.JUnitXMLReporter -->
<testsuite hostname="furqan-PC" name="Default test" tests="32" failures="0" timestamp="2 Jun 2016 09:07:30 GMT" time="96.794" errors="0">
  <testcase name="testAddAnnouncement400" time="2.246" classname="com.pwp.restapi.PsoasRestApiTest"/>
  <testcase name="testAddContest400" time="2.021" classname="com.pwp.restapi.PsoasRestApiTest"/>
  <testcase name="testAddNewAnnouncement" time="2.063" classname="com.pwp.restapi.PsoasRestApiTest"/>
  <testcase name="testAddNewAnnouncement405" time="2.06" classname="com.pwp.restapi.PsoasRestApiTest"/>
  <testcase name="testAddNewContest" time="2.202" classname="com.pwp.restapi.PsoasRestApiTest"/>
  <testcase name="testAddNewContest405" time="2.02" classname="com.pwp.restapi.PsoasRestApiTest"/>
  <testcase name="testAddNewVote" time="2.176" classname="com.pwp.restapi.PsoasRestApiTest"/>
  <testcase name="testAddNewVote405" time="2.02" classname="com.pwp.restapi.PsoasRestApiTest"/>
  <testcase name="testAddVote400" time="2.034" classname="com.pwp.restapi.PsoasRestApiTest"/>
  <testcase name="testAnnouncementMethodNotAllowed" time="0.01" classname="com.pwp.restapi.PsoasRestApiTest"/>
  <testcase name="testAnnouncementNotFound" time="0.03" classname="com.pwp.restapi.PsoasRestApiTest"/>
  <testcase name="testContestNotFound" time="0.05" classname="com.pwp.restapi.PsoasRestApiTest"/>
  <testcase name="testDeleteAnnouncement" time="2.026" classname="com.pwp.restapi.PsoasRestApiTest"/>
  <testcase name="testDeleteAnnouncement405" time="2.018" classname="com.pwp.restapi.PsoasRestApiTest"/>
  <testcase name="testDeleteContest" time="2.021" classname="com.pwp.restapi.PsoasRestApiTest"/>
  <testcase name="testDeleteContest405" time="2.021" classname="com.pwp.restapi.PsoasRestApiTest"/>
  <testcase name="testGETAnnouncementMethodNotAllowed" time="0.02" classname="com.pwp.restapi.PsoasRestApiTest"/>
  <testcase name="testGetAnnouncementCollection" time="2.539" classname="com.pwp.restapi.PsoasRestApiTest"/>
  <testcase name="testGetContestById" time="2.023" classname="com.pwp.restapi.PsoasRestApiTest"/>
  <testcase name="testGetContestById405" time="2.013" classname="com.pwp.restapi.PsoasRestApiTest"/>
  <testcase name="testGetContestNotFound" time="0.434" classname="com.pwp.restapi.PsoasRestApiTest"/>
  <testcase name="testGetContestVotes" time="2.023" classname="com.pwp.restapi.PsoasRestApiTest"/>
  <testcase name="testGetContestVotes405" time="2.016" classname="com.pwp.restapi.PsoasRestApiTest"/>
  <testcase name="testGetContestsCollection" time="2.426" classname="com.pwp.restapi.PsoasRestApiTest"/>
  <testcase name="testGetContestsCollection405" time="2.021" classname="com.pwp.restapi.PsoasRestApiTest"/>
  <testcase name="testGetUserSettingsCollection" time="2.313" classname="com.pwp.restapi.PsoasRestApiTest"/>
  <testcase name="testGetUserSettingsCollection405" time="2.015" classname="com.pwp.restapi.PsoasRestApiTest"/>
  <testcase name="testInvalidEmail" time="2.104" classname="com.pwp.restapi.PsoasRestApiTest"/>
  <testcase name="testUpdateEmail" time="2.53" classname="com.pwp.restapi.PsoasRestApiTest"/>
  <testcase name="testUpdateEmail405" time="2.032" classname="com.pwp.restapi.PsoasRestApiTest"/>
  <testcase name="testUpdateSettings" time="2.245" classname="com.pwp.restapi.PsoasRestApiTest"/>
  <testcase name="testUpdateSettings405" time="2.016" classname="com.pwp.restapi.PsoasRestApiTest"/>
</testsuite> <!-- Default test -->
