<?xml version="1.0" encoding="UTF-8"?>
<!-- Generated by org.testng.reporters.JUnitXMLReporter -->
<testsuite hostname="furqan-PC" name="Default test" tests="1" failures="0" timestamp="24 Apr 2016 20:00:23 GMT" time="5.228" errors="0">
  <testcase name="@BeforeClass springTestContextPrepareTestInstance" time="0.0" classname="com.comag10.crowdflower.AnnouncementTest">
    <failure type="java.lang.IllegalStateException" message="Failed to load ApplicationContext">
      <![CDATA[java.lang.IllegalStateException: Failed to load ApplicationContext
	at org.springframework.test.context.TestContext.getApplicationContext(TestContext.java:157)
	at org.springframework.test.context.support.DependencyInjectionTestExecutionListener.injectDependencies(DependencyInjectionTestExecutionListener.java:109)
	at org.springframework.test.context.support.DependencyInjectionTestExecutionListener.prepareTestInstance(DependencyInjectionTestExecutionListener.java:75)
	at org.springframework.test.context.TestContextManager.prepareTestInstance(TestContextManager.java:313)
	at org.springframework.test.context.testng.AbstractTestNGSpringContextTests.springTestContextPrepareTestInstance(AbstractTestNGSpringContextTests.java:130)
	at sun.reflect.NativeMethodAccessorImpl.invoke0(Native Method)
	at sun.reflect.NativeMethodAccessorImpl.invoke(Unknown Source)
	at sun.reflect.DelegatingMethodAccessorImpl.invoke(Unknown Source)
	at java.lang.reflect.Method.invoke(Unknown Source)
	at org.testng.internal.MethodInvocationHelper.invokeMethod(MethodInvocationHelper.java:84)
	at org.testng.internal.Invoker.invokeConfigurationMethod(Invoker.java:564)
	at org.testng.internal.Invoker.invokeConfigurations(Invoker.java:213)
	at org.testng.internal.Invoker.invokeConfigurations(Invoker.java:138)
	at org.testng.internal.TestMethodWorker.invokeBeforeClassMethods(TestMethodWorker.java:175)
	at org.testng.internal.TestMethodWorker.run(TestMethodWorker.java:107)
	at org.testng.TestRunner.privateRun(TestRunner.java:767)
	at org.testng.TestRunner.run(TestRunner.java:617)
	at org.testng.SuiteRunner.runTest(SuiteRunner.java:334)
	at org.testng.SuiteRunner.runSequentially(SuiteRunner.java:329)
	at org.testng.SuiteRunner.privateRun(SuiteRunner.java:291)
	at org.testng.SuiteRunner.run(SuiteRunner.java:240)
	at org.testng.SuiteRunnerWorker.runSuite(SuiteRunnerWorker.java:52)
	at org.testng.SuiteRunnerWorker.run(SuiteRunnerWorker.java:86)
	at org.testng.TestNG.runSuitesSequentially(TestNG.java:1224)
	at org.testng.TestNG.runSuitesLocally(TestNG.java:1149)
	at org.testng.TestNG.run(TestNG.java:1057)
	at org.testng.remote.RemoteTestNG.run(RemoteTestNG.java:115)
	at org.testng.remote.RemoteTestNG.initAndRun(RemoteTestNG.java:207)
	at org.testng.remote.RemoteTestNG.main(RemoteTestNG.java:178)
Caused by: org.springframework.beans.factory.BeanCreationException: Error creating bean with name 'org.springframework.web.servlet.mvc.method.annotation.RequestMappingHandlerMapping#0': Invocation of init method failed; nested exception is org.springframework.beans.factory.CannotLoadBeanClassException: Cannot find class [com.comag10.crowdflower.dao.UserDaoImpl] for bean with name 'userDAO' defined in class path resource [spring-test-config.xml]; nested exception is java.lang.ClassNotFoundException: com.comag10.crowdflower.dao.UserDaoImpl
Related cause: org.springframework.beans.factory.CannotLoadBeanClassException: Cannot find class [com.comag10.crowdflower.dao.UserDaoImpl] for bean with name 'userDAO' defined in class path resource [spring-test-config.xml]; nested exception is java.lang.ClassNotFoundException: com.comag10.crowdflower.dao.UserDaoImpl
Related cause: org.springframework.beans.factory.CannotLoadBeanClassException: Cannot find class [com.comag10.crowdflower.service.UserServiceImpl] for bean with name 'userService' defined in class path resource [spring-test-config.xml]; nested exception is java.lang.ClassNotFoundException: com.comag10.crowdflower.service.UserServiceImpl
Related cause: org.springframework.beans.factory.CannotLoadBeanClassException: Cannot find class [com.comag10.crowdflower.dao.UserSettingDaoImpl] for bean with name 'userSettingDAO' defined in class path resource [spring-test-config.xml]; nested exception is java.lang.ClassNotFoundException: com.comag10.crowdflower.dao.UserSettingDaoImpl
Related cause: org.springframework.beans.factory.CannotLoadBeanClassException: Cannot find class [com.comag10.crowdflower.service.UserSettingServiceImpl] for bean with name 'userSettingService' defined in class path resource [spring-test-config.xml]; nested exception is java.lang.ClassNotFoundException: com.comag10.crowdflower.service.UserSettingServiceImpl
Related cause: org.springframework.beans.factory.CannotLoadBeanClassException: Cannot find class [com.comag10.crowdflower.dao.ContestDaoImpl] for bean with name 'contestDAO' defined in class path resource [spring-test-config.xml]; nested exception is java.lang.ClassNotFoundException: com.comag10.crowdflower.dao.ContestDaoImpl
Related cause: org.springframework.beans.factory.CannotLoadBeanClassException: Cannot find class [com.comag10.crowdflower.service.ContestServiceImpl] for bean with name 'contestService' defined in class path resource [spring-test-config.xml]; nested exception is java.lang.ClassNotFoundException: com.comag10.crowdflower.service.ContestServiceImpl
Related cause: org.springframework.beans.factory.CannotLoadBeanClassException: Cannot find class [com.comag10.crowdflower.dao.VoteDaoImpl] for bean with name 'voteDAO' defined in class path resource [spring-test-config.xml]; nested exception is java.lang.ClassNotFoundException: com.comag10.crowdflower.dao.VoteDaoImpl
Related cause: org.springframework.beans.factory.CannotLoadBeanClassException: Cannot find class [com.comag10.crowdflower.service.VoteServiceImpl] for bean with name 'voteService' defined in class path resource [spring-test-config.xml]; nested exception is java.lang.ClassNotFoundException: com.comag10.crowdflower.service.VoteServiceImpl
Related cause: org.springframework.beans.factory.CannotLoadBeanClassException: Cannot find class [com.comag10.crowdflower.dao.AnnouncementDaoImpl] for bean with name 'announcementDAO' defined in class path resource [spring-test-config.xml]; nested exception is java.lang.ClassNotFoundException: com.comag10.crowdflower.dao.AnnouncementDaoImpl
Related cause: org.springframework.beans.factory.CannotLoadBeanClassException: Cannot find class [com.comag10.crowdflower.service.AnnouncementServiceImpl] for bean with name 'announcementService' defined in class path resource [spring-test-config.xml]; nested exception is java.lang.ClassNotFoundException: com.comag10.crowdflower.service.AnnouncementServiceImpl
Related cause: org.springframework.beans.factory.CannotLoadBeanClassException: Cannot find class [com.comag10.crowdflower.dao.SettingDaoImpl] for bean with name 'settingDAO' defined in class path resource [spring-test-config.xml]; nested exception is java.lang.ClassNotFoundException: com.comag10.crowdflower.dao.SettingDaoImpl
Related cause: org.springframework.beans.factory.CannotLoadBeanClassException: Cannot find class [com.comag10.crowdflower.service.SettingServiceImpl] for bean with name 'settingService' defined in class path resource [spring-test-config.xml]; nested exception is java.lang.ClassNotFoundException: com.comag10.crowdflower.service.SettingServiceImpl
Related cause: org.springframework.beans.factory.CannotLoadBeanClassException: Cannot find class [com.comag10.crowdflower.dao.CategoryDaoImpl] for bean with name 'categoryDAO' defined in class path resource [spring-test-config.xml]; nested exception is java.lang.ClassNotFoundException: com.comag10.crowdflower.dao.CategoryDaoImpl
Related cause: org.springframework.beans.factory.CannotLoadBeanClassException: Cannot find class [com.comag10.crowdflower.service.CategoryServiceImpl] for bean with name 'categoryService' defined in class path resource [spring-test-config.xml]; nested exception is java.lang.ClassNotFoundException: com.comag10.crowdflower.service.CategoryServiceImpl
	at org.springframework.beans.factory.support.AbstractAutowireCapableBeanFactory.initializeBean(AbstractAutowireCapableBeanFactory.java:1486)
	at org.springframework.beans.factory.support.AbstractAutowireCapableBeanFactory.doCreateBean(AbstractAutowireCapableBeanFactory.java:524)
	at org.springframework.beans.factory.support.AbstractAutowireCapableBeanFactory.createBean(AbstractAutowireCapableBeanFactory.java:461)
	at org.springframework.beans.factory.support.AbstractBeanFactory$1.getObject(AbstractBeanFactory.java:295)
	at org.springframework.beans.factory.support.DefaultSingletonBeanRegistry.getSingleton(DefaultSingletonBeanRegistry.java:223)
	at org.springframework.beans.factory.support.AbstractBeanFactory.doGetBean(AbstractBeanFactory.java:292)
	at org.springframework.beans.factory.support.AbstractBeanFactory.getBean(AbstractBeanFactory.java:194)
	at org.springframework.beans.factory.support.DefaultListableBeanFactory.preInstantiateSingletons(DefaultListableBeanFactory.java:607)
	at org.springframework.context.support.AbstractApplicationContext.finishBeanFactoryInitialization(AbstractApplicationContext.java:932)
	at org.springframework.context.support.AbstractApplicationContext.refresh(AbstractApplicationContext.java:479)
	at org.springframework.test.context.support.AbstractGenericContextLoader.loadContext(AbstractGenericContextLoader.java:106)
	at org.springframework.test.context.support.AbstractGenericContextLoader.loadContext(AbstractGenericContextLoader.java:57)
	at org.springframework.test.context.support.AbstractDelegatingSmartContextLoader.delegateLoading(AbstractDelegatingSmartContextLoader.java:100)
	at org.springframework.test.context.support.AbstractDelegatingSmartContextLoader.loadContext(AbstractDelegatingSmartContextLoader.java:248)
	at org.springframework.test.context.TestContext.loadApplicationContext(TestContext.java:124)
	at org.springframework.test.context.TestContext.getApplicationContext(TestContext.java:148)
	... 28 more
Caused by: org.springframework.beans.factory.CannotLoadBeanClassException: Cannot find class [com.comag10.crowdflower.dao.UserDaoImpl] for bean with name 'userDAO' defined in class path resource [spring-test-config.xml]; nested exception is java.lang.ClassNotFoundException: com.comag10.crowdflower.dao.UserDaoImpl
	at org.springframework.beans.factory.support.AbstractBeanFactory.resolveBeanClass(AbstractBeanFactory.java:1263)
	at org.springframework.beans.factory.support.AbstractAutowireCapableBeanFactory.predictBeanType(AbstractAutowireCapableBeanFactory.java:581)
	at org.springframework.beans.factory.support.AbstractBeanFactory.isFactoryBean(AbstractBeanFactory.java:1332)
	at org.springframework.beans.factory.support.DefaultListableBeanFactory.doGetBeanNamesForType(DefaultListableBeanFactory.java:337)
	at org.springframework.beans.factory.support.DefaultListableBeanFactory.getBeanNamesForType(DefaultListableBeanFactory.java:316)
	at org.springframework.beans.factory.support.DefaultListableBeanFactory.getBeanNamesForType(DefaultListableBeanFactory.java:303)
	at org.springframework.context.support.AbstractApplicationContext.getBeanNamesForType(AbstractApplicationContext.java:1174)
	at org.springframework.web.servlet.handler.AbstractHandlerMethodMapping.initHandlerMethods(AbstractHandlerMethodMapping.java:101)
	at org.springframework.web.servlet.handler.AbstractHandlerMethodMapping.afterPropertiesSet(AbstractHandlerMethodMapping.java:87)
	at org.springframework.web.servlet.mvc.method.annotation.RequestMappingHandlerMapping.afterPropertiesSet(RequestMappingHandlerMapping.java:150)
	at org.springframework.beans.factory.support.AbstractAutowireCapableBeanFactory.invokeInitMethods(AbstractAutowireCapableBeanFactory.java:1545)
	at org.springframework.beans.factory.support.AbstractAutowireCapableBeanFactory.initializeBean(AbstractAutowireCapableBeanFactory.java:1483)
	... 43 more
Caused by: java.lang.ClassNotFoundException: com.comag10.crowdflower.dao.UserDaoImpl
	at java.net.URLClassLoader$1.run(Unknown Source)
	at java.net.URLClassLoader$1.run(Unknown Source)
	at java.security.AccessController.doPrivileged(Native Method)
	at java.net.URLClassLoader.findClass(Unknown Source)
	at java.lang.ClassLoader.loadClass(Unknown Source)
	at sun.misc.Launcher$AppClassLoader.loadClass(Unknown Source)
	at java.lang.ClassLoader.loadClass(Unknown Source)
	at org.springframework.util.ClassUtils.forName(ClassUtils.java:258)
	at org.springframework.beans.factory.support.AbstractBeanDefinition.resolveBeanClass(AbstractBeanDefinition.java:415)
	at org.springframework.beans.factory.support.AbstractBeanFactory.doResolveBeanClass(AbstractBeanFactory.java:1284)
	at org.springframework.beans.factory.support.AbstractBeanFactory.resolveBeanClass(AbstractBeanFactory.java:1255)
	... 54 more
]]>
    </failure>
  </testcase> <!-- @BeforeClass springTestContextPrepareTestInstance -->
  <testcase name="@BeforeMethod springTestContextBeforeTestMethod" time="0.0" classname="com.comag10.crowdflower.AnnouncementTest">
    <skipped/>
  </testcase> <!-- @BeforeMethod springTestContextBeforeTestMethod -->
  <testcase name="getAnnouncementsTest" time="0.002" classname="com.comag10.crowdflower.AnnouncementTest">
    <skipped/>
  </testcase> <!-- getAnnouncementsTest -->
</testsuite> <!-- Default test -->
