<?xml version="1.0" encoding="UTF-8"?>
<testng-results skipped="0" failed="0" total="32" passed="32">
  <reporter-output>
  </reporter-output>
  <suite name="Default suite" duration-ms="96794" started-at="2016-06-02T09:05:53Z" finished-at="2016-06-02T09:07:30Z">
    <groups>
    </groups>
    <test name="Default test" duration-ms="96794" started-at="2016-06-02T09:05:53Z" finished-at="2016-06-02T09:07:30Z">
      <class name="com.pwp.restapi.PsoasRestApiTest">
        <test-method status="PASS" signature="springTestContextBeforeTestClass()[pri:0, instance:com.pwp.restapi.PsoasRestApiTest@70ab4338]" name="springTestContextBeforeTestClass" is-config="true" duration-ms="36" started-at="2016-06-02T12:05:53Z" finished-at="2016-06-02T12:05:53Z">
          <reporter-output>
          </reporter-output>
        </test-method> <!-- springTestContextBeforeTestClass -->
        <test-method status="PASS" signature="springTestContextPrepareTestInstance()[pri:0, instance:com.pwp.restapi.PsoasRestApiTest@70ab4338]" name="springTestContextPrepareTestInstance" is-config="true" duration-ms="5493" started-at="2016-06-02T12:05:53Z" depends-on-methods="org.springframework.test.context.testng.AbstractTestNGSpringContextTests.springTestContextBeforeTestClass" finished-at="2016-06-02T12:05:59Z">
          <reporter-output>
          </reporter-output>
        </test-method> <!-- springTestContextPrepareTestInstance -->
        <test-method status="PASS" signature="springTestContextBeforeTestMethod(java.lang.reflect.Method)[pri:0, instance:com.pwp.restapi.PsoasRestApiTest@70ab4338]" name="springTestContextBeforeTestMethod" is-config="true" duration-ms="1039" started-at="2016-06-02T12:05:59Z" finished-at="2016-06-02T12:06:00Z">
          <params>
            <param index="0">
              <value>
                <![CDATA[public void com.pwp.restapi.PsoasRestApiTest.testAddAnnouncement400()]]>
              </value>
            </param>
          </params>
          <reporter-output>
          </reporter-output>
        </test-method> <!-- springTestContextBeforeTestMethod -->
        <test-method status="PASS" signature="testAddAnnouncement400()[pri:0, instance:com.pwp.restapi.PsoasRestApiTest@70ab4338]" name="testAddAnnouncement400" duration-ms="2246" started-at="2016-06-02T12:06:00Z" finished-at="2016-06-02T12:06:02Z">
          <reporter-output>
          </reporter-output>
        </test-method> <!-- testAddAnnouncement400 -->
        <test-method status="PASS" signature="springTestContextAfterTestMethod(java.lang.reflect.Method)[pri:0, instance:com.pwp.restapi.PsoasRestApiTest@70ab4338]" name="springTestContextAfterTestMethod" is-config="true" duration-ms="519" started-at="2016-06-02T12:06:02Z" finished-at="2016-06-02T12:06:03Z">
          <params>
            <param index="0">
              <value>
                <![CDATA[public void com.pwp.restapi.PsoasRestApiTest.testAddAnnouncement400()]]>
              </value>
            </param>
          </params>
          <reporter-output>
          </reporter-output>
        </test-method> <!-- springTestContextAfterTestMethod -->
        <test-method status="PASS" signature="springTestContextBeforeTestMethod(java.lang.reflect.Method)[pri:0, instance:com.pwp.restapi.PsoasRestApiTest@70ab4338]" name="springTestContextBeforeTestMethod" is-config="true" duration-ms="535" started-at="2016-06-02T12:06:03Z" finished-at="2016-06-02T12:06:03Z">
          <params>
            <param index="0">
              <value>
                <![CDATA[public void com.pwp.restapi.PsoasRestApiTest.testAddContest400()]]>
              </value>
            </param>
          </params>
          <reporter-output>
          </reporter-output>
        </test-method> <!-- springTestContextBeforeTestMethod -->
        <test-method status="PASS" signature="testAddContest400()[pri:0, instance:com.pwp.restapi.PsoasRestApiTest@70ab4338]" name="testAddContest400" duration-ms="2021" started-at="2016-06-02T12:06:03Z" finished-at="2016-06-02T12:06:05Z">
          <reporter-output>
          </reporter-output>
        </test-method> <!-- testAddContest400 -->
        <test-method status="PASS" signature="springTestContextAfterTestMethod(java.lang.reflect.Method)[pri:0, instance:com.pwp.restapi.PsoasRestApiTest@70ab4338]" name="springTestContextAfterTestMethod" is-config="true" duration-ms="277" started-at="2016-06-02T12:06:05Z" finished-at="2016-06-02T12:06:06Z">
          <params>
            <param index="0">
              <value>
                <![CDATA[public void com.pwp.restapi.PsoasRestApiTest.testAddContest400()]]>
              </value>
            </param>
          </params>
          <reporter-output>
          </reporter-output>
        </test-method> <!-- springTestContextAfterTestMethod -->
        <test-method status="PASS" signature="springTestContextBeforeTestMethod(java.lang.reflect.Method)[pri:0, instance:com.pwp.restapi.PsoasRestApiTest@70ab4338]" name="springTestContextBeforeTestMethod" is-config="true" duration-ms="553" started-at="2016-06-02T12:06:06Z" finished-at="2016-06-02T12:06:06Z">
          <params>
            <param index="0">
              <value>
                <![CDATA[public void com.pwp.restapi.PsoasRestApiTest.testAddNewAnnouncement()]]>
              </value>
            </param>
          </params>
          <reporter-output>
          </reporter-output>
        </test-method> <!-- springTestContextBeforeTestMethod -->
        <test-method status="PASS" signature="testAddNewAnnouncement()[pri:0, instance:com.pwp.restapi.PsoasRestApiTest@70ab4338]" name="testAddNewAnnouncement" duration-ms="2063" started-at="2016-06-02T12:06:06Z" finished-at="2016-06-02T12:06:08Z">
          <reporter-output>
          </reporter-output>
        </test-method> <!-- testAddNewAnnouncement -->
        <test-method status="PASS" signature="springTestContextAfterTestMethod(java.lang.reflect.Method)[pri:0, instance:com.pwp.restapi.PsoasRestApiTest@70ab4338]" name="springTestContextAfterTestMethod" is-config="true" duration-ms="354" started-at="2016-06-02T12:06:08Z" finished-at="2016-06-02T12:06:09Z">
          <params>
            <param index="0">
              <value>
                <![CDATA[public void com.pwp.restapi.PsoasRestApiTest.testAddNewAnnouncement()]]>
              </value>
            </param>
          </params>
          <reporter-output>
          </reporter-output>
        </test-method> <!-- springTestContextAfterTestMethod -->
        <test-method status="PASS" signature="springTestContextBeforeTestMethod(java.lang.reflect.Method)[pri:0, instance:com.pwp.restapi.PsoasRestApiTest@70ab4338]" name="springTestContextBeforeTestMethod" is-config="true" duration-ms="564" started-at="2016-06-02T12:06:09Z" finished-at="2016-06-02T12:06:09Z">
          <params>
            <param index="0">
              <value>
                <![CDATA[public void com.pwp.restapi.PsoasRestApiTest.testAddNewAnnouncement405()]]>
              </value>
            </param>
          </params>
          <reporter-output>
          </reporter-output>
        </test-method> <!-- springTestContextBeforeTestMethod -->
        <test-method status="PASS" signature="testAddNewAnnouncement405()[pri:0, instance:com.pwp.restapi.PsoasRestApiTest@70ab4338]" name="testAddNewAnnouncement405" duration-ms="2060" started-at="2016-06-02T12:06:09Z" finished-at="2016-06-02T12:06:11Z">
          <reporter-output>
          </reporter-output>
        </test-method> <!-- testAddNewAnnouncement405 -->
        <test-method status="PASS" signature="springTestContextAfterTestMethod(java.lang.reflect.Method)[pri:0, instance:com.pwp.restapi.PsoasRestApiTest@70ab4338]" name="springTestContextAfterTestMethod" is-config="true" duration-ms="332" started-at="2016-06-02T12:06:11Z" finished-at="2016-06-02T12:06:11Z">
          <params>
            <param index="0">
              <value>
                <![CDATA[public void com.pwp.restapi.PsoasRestApiTest.testAddNewAnnouncement405()]]>
              </value>
            </param>
          </params>
          <reporter-output>
          </reporter-output>
        </test-method> <!-- springTestContextAfterTestMethod -->
        <test-method status="PASS" signature="springTestContextBeforeTestMethod(java.lang.reflect.Method)[pri:0, instance:com.pwp.restapi.PsoasRestApiTest@70ab4338]" name="springTestContextBeforeTestMethod" is-config="true" duration-ms="577" started-at="2016-06-02T12:06:11Z" finished-at="2016-06-02T12:06:12Z">
          <params>
            <param index="0">
              <value>
                <![CDATA[public void com.pwp.restapi.PsoasRestApiTest.testAddNewContest()]]>
              </value>
            </param>
          </params>
          <reporter-output>
          </reporter-output>
        </test-method> <!-- springTestContextBeforeTestMethod -->
        <test-method status="PASS" signature="testAddNewContest()[pri:0, instance:com.pwp.restapi.PsoasRestApiTest@70ab4338]" name="testAddNewContest" duration-ms="2202" started-at="2016-06-02T12:06:12Z" finished-at="2016-06-02T12:06:14Z">
          <reporter-output>
          </reporter-output>
        </test-method> <!-- testAddNewContest -->
        <test-method status="PASS" signature="springTestContextAfterTestMethod(java.lang.reflect.Method)[pri:0, instance:com.pwp.restapi.PsoasRestApiTest@70ab4338]" name="springTestContextAfterTestMethod" is-config="true" duration-ms="371" started-at="2016-06-02T12:06:14Z" finished-at="2016-06-02T12:06:15Z">
          <params>
            <param index="0">
              <value>
                <![CDATA[public void com.pwp.restapi.PsoasRestApiTest.testAddNewContest()]]>
              </value>
            </param>
          </params>
          <reporter-output>
          </reporter-output>
        </test-method> <!-- springTestContextAfterTestMethod -->
        <test-method status="PASS" signature="springTestContextBeforeTestMethod(java.lang.reflect.Method)[pri:0, instance:com.pwp.restapi.PsoasRestApiTest@70ab4338]" name="springTestContextBeforeTestMethod" is-config="true" duration-ms="704" started-at="2016-06-02T12:06:15Z" finished-at="2016-06-02T12:06:15Z">
          <params>
            <param index="0">
              <value>
                <![CDATA[public void com.pwp.restapi.PsoasRestApiTest.testAddNewContest405()]]>
              </value>
            </param>
          </params>
          <reporter-output>
          </reporter-output>
        </test-method> <!-- springTestContextBeforeTestMethod -->
        <test-method status="PASS" signature="testAddNewContest405()[pri:0, instance:com.pwp.restapi.PsoasRestApiTest@70ab4338]" name="testAddNewContest405" duration-ms="2020" started-at="2016-06-02T12:06:15Z" finished-at="2016-06-02T12:06:17Z">
          <reporter-output>
          </reporter-output>
        </test-method> <!-- testAddNewContest405 -->
        <test-method status="PASS" signature="springTestContextAfterTestMethod(java.lang.reflect.Method)[pri:0, instance:com.pwp.restapi.PsoasRestApiTest@70ab4338]" name="springTestContextAfterTestMethod" is-config="true" duration-ms="333" started-at="2016-06-02T12:06:17Z" finished-at="2016-06-02T12:06:18Z">
          <params>
            <param index="0">
              <value>
                <![CDATA[public void com.pwp.restapi.PsoasRestApiTest.testAddNewContest405()]]>
              </value>
            </param>
          </params>
          <reporter-output>
          </reporter-output>
        </test-method> <!-- springTestContextAfterTestMethod -->
        <test-method status="PASS" signature="springTestContextBeforeTestMethod(java.lang.reflect.Method)[pri:0, instance:com.pwp.restapi.PsoasRestApiTest@70ab4338]" name="springTestContextBeforeTestMethod" is-config="true" duration-ms="502" started-at="2016-06-02T12:06:18Z" finished-at="2016-06-02T12:06:18Z">
          <params>
            <param index="0">
              <value>
                <![CDATA[public void com.pwp.restapi.PsoasRestApiTest.testAddNewVote()]]>
              </value>
            </param>
          </params>
          <reporter-output>
          </reporter-output>
        </test-method> <!-- springTestContextBeforeTestMethod -->
        <test-method status="PASS" signature="testAddNewVote()[pri:0, instance:com.pwp.restapi.PsoasRestApiTest@70ab4338]" name="testAddNewVote" duration-ms="2176" started-at="2016-06-02T12:06:18Z" finished-at="2016-06-02T12:06:20Z">
          <reporter-output>
          </reporter-output>
        </test-method> <!-- testAddNewVote -->
        <test-method status="PASS" signature="springTestContextAfterTestMethod(java.lang.reflect.Method)[pri:0, instance:com.pwp.restapi.PsoasRestApiTest@70ab4338]" name="springTestContextAfterTestMethod" is-config="true" duration-ms="505" started-at="2016-06-02T12:06:20Z" finished-at="2016-06-02T12:06:21Z">
          <params>
            <param index="0">
              <value>
                <![CDATA[public void com.pwp.restapi.PsoasRestApiTest.testAddNewVote()]]>
              </value>
            </param>
          </params>
          <reporter-output>
          </reporter-output>
        </test-method> <!-- springTestContextAfterTestMethod -->
        <test-method status="PASS" signature="springTestContextBeforeTestMethod(java.lang.reflect.Method)[pri:0, instance:com.pwp.restapi.PsoasRestApiTest@70ab4338]" name="springTestContextBeforeTestMethod" is-config="true" duration-ms="1215" started-at="2016-06-02T12:06:21Z" finished-at="2016-06-02T12:06:22Z">
          <params>
            <param index="0">
              <value>
                <![CDATA[public void com.pwp.restapi.PsoasRestApiTest.testAddNewVote405()]]>
              </value>
            </param>
          </params>
          <reporter-output>
          </reporter-output>
        </test-method> <!-- springTestContextBeforeTestMethod -->
        <test-method status="PASS" signature="testAddNewVote405()[pri:0, instance:com.pwp.restapi.PsoasRestApiTest@70ab4338]" name="testAddNewVote405" duration-ms="2020" started-at="2016-06-02T12:06:22Z" finished-at="2016-06-02T12:06:24Z">
          <reporter-output>
          </reporter-output>
        </test-method> <!-- testAddNewVote405 -->
        <test-method status="PASS" signature="springTestContextAfterTestMethod(java.lang.reflect.Method)[pri:0, instance:com.pwp.restapi.PsoasRestApiTest@70ab4338]" name="springTestContextAfterTestMethod" is-config="true" duration-ms="493" started-at="2016-06-02T12:06:24Z" finished-at="2016-06-02T12:06:25Z">
          <params>
            <param index="0">
              <value>
                <![CDATA[public void com.pwp.restapi.PsoasRestApiTest.testAddNewVote405()]]>
              </value>
            </param>
          </params>
          <reporter-output>
          </reporter-output>
        </test-method> <!-- springTestContextAfterTestMethod -->
        <test-method status="PASS" signature="springTestContextBeforeTestMethod(java.lang.reflect.Method)[pri:0, instance:com.pwp.restapi.PsoasRestApiTest@70ab4338]" name="springTestContextBeforeTestMethod" is-config="true" duration-ms="516" started-at="2016-06-02T12:06:25Z" finished-at="2016-06-02T12:06:25Z">
          <params>
            <param index="0">
              <value>
                <![CDATA[public void com.pwp.restapi.PsoasRestApiTest.testAddVote400()]]>
              </value>
            </param>
          </params>
          <reporter-output>
          </reporter-output>
        </test-method> <!-- springTestContextBeforeTestMethod -->
        <test-method status="PASS" signature="testAddVote400()[pri:0, instance:com.pwp.restapi.PsoasRestApiTest@70ab4338]" name="testAddVote400" duration-ms="2034" started-at="2016-06-02T12:06:25Z" finished-at="2016-06-02T12:06:27Z">
          <reporter-output>
          </reporter-output>
        </test-method> <!-- testAddVote400 -->
        <test-method status="PASS" signature="springTestContextAfterTestMethod(java.lang.reflect.Method)[pri:0, instance:com.pwp.restapi.PsoasRestApiTest@70ab4338]" name="springTestContextAfterTestMethod" is-config="true" duration-ms="459" started-at="2016-06-02T12:06:27Z" finished-at="2016-06-02T12:06:28Z">
          <params>
            <param index="0">
              <value>
                <![CDATA[public void com.pwp.restapi.PsoasRestApiTest.testAddVote400()]]>
              </value>
            </param>
          </params>
          <reporter-output>
          </reporter-output>
        </test-method> <!-- springTestContextAfterTestMethod -->
        <test-method status="PASS" signature="springTestContextBeforeTestMethod(java.lang.reflect.Method)[pri:0, instance:com.pwp.restapi.PsoasRestApiTest@70ab4338]" name="springTestContextBeforeTestMethod" is-config="true" duration-ms="573" started-at="2016-06-02T12:06:28Z" finished-at="2016-06-02T12:06:28Z">
          <params>
            <param index="0">
              <value>
                <![CDATA[public void com.pwp.restapi.PsoasRestApiTest.testAnnouncementMethodNotAllowed()]]>
              </value>
            </param>
          </params>
          <reporter-output>
          </reporter-output>
        </test-method> <!-- springTestContextBeforeTestMethod -->
        <test-method status="PASS" signature="testAnnouncementMethodNotAllowed()[pri:0, instance:com.pwp.restapi.PsoasRestApiTest@70ab4338]" name="testAnnouncementMethodNotAllowed" duration-ms="10" started-at="2016-06-02T12:06:28Z" finished-at="2016-06-02T12:06:28Z">
          <reporter-output>
          </reporter-output>
        </test-method> <!-- testAnnouncementMethodNotAllowed -->
        <test-method status="PASS" signature="springTestContextAfterTestMethod(java.lang.reflect.Method)[pri:0, instance:com.pwp.restapi.PsoasRestApiTest@70ab4338]" name="springTestContextAfterTestMethod" is-config="true" duration-ms="344" started-at="2016-06-02T12:06:28Z" finished-at="2016-06-02T12:06:29Z">
          <params>
            <param index="0">
              <value>
                <![CDATA[public void com.pwp.restapi.PsoasRestApiTest.testAnnouncementMethodNotAllowed()]]>
              </value>
            </param>
          </params>
          <reporter-output>
          </reporter-output>
        </test-method> <!-- springTestContextAfterTestMethod -->
        <test-method status="PASS" signature="springTestContextBeforeTestMethod(java.lang.reflect.Method)[pri:0, instance:com.pwp.restapi.PsoasRestApiTest@70ab4338]" name="springTestContextBeforeTestMethod" is-config="true" duration-ms="484" started-at="2016-06-02T12:06:29Z" finished-at="2016-06-02T12:06:29Z">
          <params>
            <param index="0">
              <value>
                <![CDATA[public void com.pwp.restapi.PsoasRestApiTest.testAnnouncementNotFound()]]>
              </value>
            </param>
          </params>
          <reporter-output>
          </reporter-output>
        </test-method> <!-- springTestContextBeforeTestMethod -->
        <test-method status="PASS" signature="testAnnouncementNotFound()[pri:0, instance:com.pwp.restapi.PsoasRestApiTest@70ab4338]" name="testAnnouncementNotFound" duration-ms="30" started-at="2016-06-02T12:06:29Z" finished-at="2016-06-02T12:06:29Z">
          <reporter-output>
          </reporter-output>
        </test-method> <!-- testAnnouncementNotFound -->
        <test-method status="PASS" signature="springTestContextAfterTestMethod(java.lang.reflect.Method)[pri:0, instance:com.pwp.restapi.PsoasRestApiTest@70ab4338]" name="springTestContextAfterTestMethod" is-config="true" duration-ms="237" started-at="2016-06-02T12:06:29Z" finished-at="2016-06-02T12:06:29Z">
          <params>
            <param index="0">
              <value>
                <![CDATA[public void com.pwp.restapi.PsoasRestApiTest.testAnnouncementNotFound()]]>
              </value>
            </param>
          </params>
          <reporter-output>
          </reporter-output>
        </test-method> <!-- springTestContextAfterTestMethod -->
        <test-method status="PASS" signature="springTestContextBeforeTestMethod(java.lang.reflect.Method)[pri:0, instance:com.pwp.restapi.PsoasRestApiTest@70ab4338]" name="springTestContextBeforeTestMethod" is-config="true" duration-ms="523" started-at="2016-06-02T12:06:29Z" finished-at="2016-06-02T12:06:30Z">
          <params>
            <param index="0">
              <value>
                <![CDATA[public void com.pwp.restapi.PsoasRestApiTest.testContestNotFound()]]>
              </value>
            </param>
          </params>
          <reporter-output>
          </reporter-output>
        </test-method> <!-- springTestContextBeforeTestMethod -->
        <test-method status="PASS" signature="testContestNotFound()[pri:0, instance:com.pwp.restapi.PsoasRestApiTest@70ab4338]" name="testContestNotFound" duration-ms="50" started-at="2016-06-02T12:06:30Z" finished-at="2016-06-02T12:06:30Z">
          <reporter-output>
          </reporter-output>
        </test-method> <!-- testContestNotFound -->
        <test-method status="PASS" signature="springTestContextAfterTestMethod(java.lang.reflect.Method)[pri:0, instance:com.pwp.restapi.PsoasRestApiTest@70ab4338]" name="springTestContextAfterTestMethod" is-config="true" duration-ms="253" started-at="2016-06-02T12:06:30Z" finished-at="2016-06-02T12:06:30Z">
          <params>
            <param index="0">
              <value>
                <![CDATA[public void com.pwp.restapi.PsoasRestApiTest.testContestNotFound()]]>
              </value>
            </param>
          </params>
          <reporter-output>
          </reporter-output>
        </test-method> <!-- springTestContextAfterTestMethod -->
        <test-method status="PASS" signature="springTestContextBeforeTestMethod(java.lang.reflect.Method)[pri:0, instance:com.pwp.restapi.PsoasRestApiTest@70ab4338]" name="springTestContextBeforeTestMethod" is-config="true" duration-ms="683" started-at="2016-06-02T12:06:30Z" finished-at="2016-06-02T12:06:31Z">
          <params>
            <param index="0">
              <value>
                <![CDATA[public void com.pwp.restapi.PsoasRestApiTest.testDeleteAnnouncement()]]>
              </value>
            </param>
          </params>
          <reporter-output>
          </reporter-output>
        </test-method> <!-- springTestContextBeforeTestMethod -->
        <test-method status="PASS" signature="testDeleteAnnouncement()[pri:0, instance:com.pwp.restapi.PsoasRestApiTest@70ab4338]" name="testDeleteAnnouncement" duration-ms="2026" started-at="2016-06-02T12:06:31Z" finished-at="2016-06-02T12:06:33Z">
          <reporter-output>
          </reporter-output>
        </test-method> <!-- testDeleteAnnouncement -->
        <test-method status="PASS" signature="springTestContextAfterTestMethod(java.lang.reflect.Method)[pri:0, instance:com.pwp.restapi.PsoasRestApiTest@70ab4338]" name="springTestContextAfterTestMethod" is-config="true" duration-ms="332" started-at="2016-06-02T12:06:33Z" finished-at="2016-06-02T12:06:33Z">
          <params>
            <param index="0">
              <value>
                <![CDATA[public void com.pwp.restapi.PsoasRestApiTest.testDeleteAnnouncement()]]>
              </value>
            </param>
          </params>
          <reporter-output>
          </reporter-output>
        </test-method> <!-- springTestContextAfterTestMethod -->
        <test-method status="PASS" signature="springTestContextBeforeTestMethod(java.lang.reflect.Method)[pri:0, instance:com.pwp.restapi.PsoasRestApiTest@70ab4338]" name="springTestContextBeforeTestMethod" is-config="true" duration-ms="758" started-at="2016-06-02T12:06:33Z" finished-at="2016-06-02T12:06:34Z">
          <params>
            <param index="0">
              <value>
                <![CDATA[public void com.pwp.restapi.PsoasRestApiTest.testDeleteAnnouncement405()]]>
              </value>
            </param>
          </params>
          <reporter-output>
          </reporter-output>
        </test-method> <!-- springTestContextBeforeTestMethod -->
        <test-method status="PASS" signature="testDeleteAnnouncement405()[pri:0, instance:com.pwp.restapi.PsoasRestApiTest@70ab4338]" name="testDeleteAnnouncement405" duration-ms="2018" started-at="2016-06-02T12:06:34Z" finished-at="2016-06-02T12:06:36Z">
          <reporter-output>
          </reporter-output>
        </test-method> <!-- testDeleteAnnouncement405 -->
        <test-method status="PASS" signature="springTestContextAfterTestMethod(java.lang.reflect.Method)[pri:0, instance:com.pwp.restapi.PsoasRestApiTest@70ab4338]" name="springTestContextAfterTestMethod" is-config="true" duration-ms="2611" started-at="2016-06-02T12:06:36Z" finished-at="2016-06-02T12:06:39Z">
          <params>
            <param index="0">
              <value>
                <![CDATA[public void com.pwp.restapi.PsoasRestApiTest.testDeleteAnnouncement405()]]>
              </value>
            </param>
          </params>
          <reporter-output>
          </reporter-output>
        </test-method> <!-- springTestContextAfterTestMethod -->
        <test-method status="PASS" signature="springTestContextBeforeTestMethod(java.lang.reflect.Method)[pri:0, instance:com.pwp.restapi.PsoasRestApiTest@70ab4338]" name="springTestContextBeforeTestMethod" is-config="true" duration-ms="596" started-at="2016-06-02T12:06:39Z" finished-at="2016-06-02T12:06:39Z">
          <params>
            <param index="0">
              <value>
                <![CDATA[public void com.pwp.restapi.PsoasRestApiTest.testDeleteContest()]]>
              </value>
            </param>
          </params>
          <reporter-output>
          </reporter-output>
        </test-method> <!-- springTestContextBeforeTestMethod -->
        <test-method status="PASS" signature="testDeleteContest()[pri:0, instance:com.pwp.restapi.PsoasRestApiTest@70ab4338]" name="testDeleteContest" duration-ms="2021" started-at="2016-06-02T12:06:39Z" finished-at="2016-06-02T12:06:41Z">
          <reporter-output>
          </reporter-output>
        </test-method> <!-- testDeleteContest -->
        <test-method status="PASS" signature="springTestContextAfterTestMethod(java.lang.reflect.Method)[pri:0, instance:com.pwp.restapi.PsoasRestApiTest@70ab4338]" name="springTestContextAfterTestMethod" is-config="true" duration-ms="357" started-at="2016-06-02T12:06:41Z" finished-at="2016-06-02T12:06:42Z">
          <params>
            <param index="0">
              <value>
                <![CDATA[public void com.pwp.restapi.PsoasRestApiTest.testDeleteContest()]]>
              </value>
            </param>
          </params>
          <reporter-output>
          </reporter-output>
        </test-method> <!-- springTestContextAfterTestMethod -->
        <test-method status="PASS" signature="springTestContextBeforeTestMethod(java.lang.reflect.Method)[pri:0, instance:com.pwp.restapi.PsoasRestApiTest@70ab4338]" name="springTestContextBeforeTestMethod" is-config="true" duration-ms="549" started-at="2016-06-02T12:06:42Z" finished-at="2016-06-02T12:06:42Z">
          <params>
            <param index="0">
              <value>
                <![CDATA[public void com.pwp.restapi.PsoasRestApiTest.testDeleteContest405()]]>
              </value>
            </param>
          </params>
          <reporter-output>
          </reporter-output>
        </test-method> <!-- springTestContextBeforeTestMethod -->
        <test-method status="PASS" signature="testDeleteContest405()[pri:0, instance:com.pwp.restapi.PsoasRestApiTest@70ab4338]" name="testDeleteContest405" duration-ms="2021" started-at="2016-06-02T12:06:42Z" finished-at="2016-06-02T12:06:44Z">
          <reporter-output>
          </reporter-output>
        </test-method> <!-- testDeleteContest405 -->
        <test-method status="PASS" signature="springTestContextAfterTestMethod(java.lang.reflect.Method)[pri:0, instance:com.pwp.restapi.PsoasRestApiTest@70ab4338]" name="springTestContextAfterTestMethod" is-config="true" duration-ms="259" started-at="2016-06-02T12:06:44Z" finished-at="2016-06-02T12:06:44Z">
          <params>
            <param index="0">
              <value>
                <![CDATA[public void com.pwp.restapi.PsoasRestApiTest.testDeleteContest405()]]>
              </value>
            </param>
          </params>
          <reporter-output>
          </reporter-output>
        </test-method> <!-- springTestContextAfterTestMethod -->
        <test-method status="PASS" signature="springTestContextBeforeTestMethod(java.lang.reflect.Method)[pri:0, instance:com.pwp.restapi.PsoasRestApiTest@70ab4338]" name="springTestContextBeforeTestMethod" is-config="true" duration-ms="564" started-at="2016-06-02T12:06:44Z" finished-at="2016-06-02T12:06:45Z">
          <params>
            <param index="0">
              <value>
                <![CDATA[public void com.pwp.restapi.PsoasRestApiTest.testGETAnnouncementMethodNotAllowed()]]>
              </value>
            </param>
          </params>
          <reporter-output>
          </reporter-output>
        </test-method> <!-- springTestContextBeforeTestMethod -->
        <test-method status="PASS" signature="testGETAnnouncementMethodNotAllowed()[pri:0, instance:com.pwp.restapi.PsoasRestApiTest@70ab4338]" name="testGETAnnouncementMethodNotAllowed" duration-ms="20" started-at="2016-06-02T12:06:45Z" finished-at="2016-06-02T12:06:45Z">
          <reporter-output>
          </reporter-output>
        </test-method> <!-- testGETAnnouncementMethodNotAllowed -->
        <test-method status="PASS" signature="springTestContextAfterTestMethod(java.lang.reflect.Method)[pri:0, instance:com.pwp.restapi.PsoasRestApiTest@70ab4338]" name="springTestContextAfterTestMethod" is-config="true" duration-ms="246" started-at="2016-06-02T12:06:45Z" finished-at="2016-06-02T12:06:45Z">
          <params>
            <param index="0">
              <value>
                <![CDATA[public void com.pwp.restapi.PsoasRestApiTest.testGETAnnouncementMethodNotAllowed()]]>
              </value>
            </param>
          </params>
          <reporter-output>
          </reporter-output>
        </test-method> <!-- springTestContextAfterTestMethod -->
        <test-method status="PASS" signature="springTestContextBeforeTestMethod(java.lang.reflect.Method)[pri:0, instance:com.pwp.restapi.PsoasRestApiTest@70ab4338]" name="springTestContextBeforeTestMethod" is-config="true" duration-ms="644" started-at="2016-06-02T12:06:45Z" finished-at="2016-06-02T12:06:46Z">
          <params>
            <param index="0">
              <value>
                <![CDATA[public void com.pwp.restapi.PsoasRestApiTest.testGetAnnouncementCollection()]]>
              </value>
            </param>
          </params>
          <reporter-output>
          </reporter-output>
        </test-method> <!-- springTestContextBeforeTestMethod -->
        <test-method status="PASS" signature="testGetAnnouncementCollection()[pri:0, instance:com.pwp.restapi.PsoasRestApiTest@70ab4338]" name="testGetAnnouncementCollection" duration-ms="2539" started-at="2016-06-02T12:06:46Z" finished-at="2016-06-02T12:06:48Z">
          <reporter-output>
          </reporter-output>
        </test-method> <!-- testGetAnnouncementCollection -->
        <test-method status="PASS" signature="springTestContextAfterTestMethod(java.lang.reflect.Method)[pri:0, instance:com.pwp.restapi.PsoasRestApiTest@70ab4338]" name="springTestContextAfterTestMethod" is-config="true" duration-ms="290" started-at="2016-06-02T12:06:48Z" finished-at="2016-06-02T12:06:49Z">
          <params>
            <param index="0">
              <value>
                <![CDATA[public void com.pwp.restapi.PsoasRestApiTest.testGetAnnouncementCollection()]]>
              </value>
            </param>
          </params>
          <reporter-output>
          </reporter-output>
        </test-method> <!-- springTestContextAfterTestMethod -->
        <test-method status="PASS" signature="springTestContextBeforeTestMethod(java.lang.reflect.Method)[pri:0, instance:com.pwp.restapi.PsoasRestApiTest@70ab4338]" name="springTestContextBeforeTestMethod" is-config="true" duration-ms="514" started-at="2016-06-02T12:06:49Z" finished-at="2016-06-02T12:06:49Z">
          <params>
            <param index="0">
              <value>
                <![CDATA[public void com.pwp.restapi.PsoasRestApiTest.testGetContestById()]]>
              </value>
            </param>
          </params>
          <reporter-output>
          </reporter-output>
        </test-method> <!-- springTestContextBeforeTestMethod -->
        <test-method status="PASS" signature="testGetContestById()[pri:0, instance:com.pwp.restapi.PsoasRestApiTest@70ab4338]" name="testGetContestById" duration-ms="2023" started-at="2016-06-02T12:06:49Z" finished-at="2016-06-02T12:06:51Z">
          <reporter-output>
          </reporter-output>
        </test-method> <!-- testGetContestById -->
        <test-method status="PASS" signature="springTestContextAfterTestMethod(java.lang.reflect.Method)[pri:0, instance:com.pwp.restapi.PsoasRestApiTest@70ab4338]" name="springTestContextAfterTestMethod" is-config="true" duration-ms="440" started-at="2016-06-02T12:06:51Z" finished-at="2016-06-02T12:06:52Z">
          <params>
            <param index="0">
              <value>
                <![CDATA[public void com.pwp.restapi.PsoasRestApiTest.testGetContestById()]]>
              </value>
            </param>
          </params>
          <reporter-output>
          </reporter-output>
        </test-method> <!-- springTestContextAfterTestMethod -->
        <test-method status="PASS" signature="springTestContextBeforeTestMethod(java.lang.reflect.Method)[pri:0, instance:com.pwp.restapi.PsoasRestApiTest@70ab4338]" name="springTestContextBeforeTestMethod" is-config="true" duration-ms="645" started-at="2016-06-02T12:06:52Z" finished-at="2016-06-02T12:06:52Z">
          <params>
            <param index="0">
              <value>
                <![CDATA[public void com.pwp.restapi.PsoasRestApiTest.testGetContestById405()]]>
              </value>
            </param>
          </params>
          <reporter-output>
          </reporter-output>
        </test-method> <!-- springTestContextBeforeTestMethod -->
        <test-method status="PASS" signature="testGetContestById405()[pri:0, instance:com.pwp.restapi.PsoasRestApiTest@70ab4338]" name="testGetContestById405" duration-ms="2013" started-at="2016-06-02T12:06:52Z" finished-at="2016-06-02T12:06:54Z">
          <reporter-output>
          </reporter-output>
        </test-method> <!-- testGetContestById405 -->
        <test-method status="PASS" signature="springTestContextAfterTestMethod(java.lang.reflect.Method)[pri:0, instance:com.pwp.restapi.PsoasRestApiTest@70ab4338]" name="springTestContextAfterTestMethod" is-config="true" duration-ms="352" started-at="2016-06-02T12:06:54Z" finished-at="2016-06-02T12:06:55Z">
          <params>
            <param index="0">
              <value>
                <![CDATA[public void com.pwp.restapi.PsoasRestApiTest.testGetContestById405()]]>
              </value>
            </param>
          </params>
          <reporter-output>
          </reporter-output>
        </test-method> <!-- springTestContextAfterTestMethod -->
        <test-method status="PASS" signature="springTestContextBeforeTestMethod(java.lang.reflect.Method)[pri:0, instance:com.pwp.restapi.PsoasRestApiTest@70ab4338]" name="springTestContextBeforeTestMethod" is-config="true" duration-ms="480" started-at="2016-06-02T12:06:55Z" finished-at="2016-06-02T12:06:55Z">
          <params>
            <param index="0">
              <value>
                <![CDATA[public void com.pwp.restapi.PsoasRestApiTest.testGetContestNotFound()]]>
              </value>
            </param>
          </params>
          <reporter-output>
          </reporter-output>
        </test-method> <!-- springTestContextBeforeTestMethod -->
        <test-method status="PASS" signature="testGetContestNotFound()[pri:0, instance:com.pwp.restapi.PsoasRestApiTest@70ab4338]" name="testGetContestNotFound" duration-ms="434" started-at="2016-06-02T12:06:55Z" finished-at="2016-06-02T12:06:56Z">
          <reporter-output>
          </reporter-output>
        </test-method> <!-- testGetContestNotFound -->
        <test-method status="PASS" signature="springTestContextAfterTestMethod(java.lang.reflect.Method)[pri:0, instance:com.pwp.restapi.PsoasRestApiTest@70ab4338]" name="springTestContextAfterTestMethod" is-config="true" duration-ms="598" started-at="2016-06-02T12:06:56Z" finished-at="2016-06-02T12:06:56Z">
          <params>
            <param index="0">
              <value>
                <![CDATA[public void com.pwp.restapi.PsoasRestApiTest.testGetContestNotFound()]]>
              </value>
            </param>
          </params>
          <reporter-output>
          </reporter-output>
        </test-method> <!-- springTestContextAfterTestMethod -->
        <test-method status="PASS" signature="springTestContextBeforeTestMethod(java.lang.reflect.Method)[pri:0, instance:com.pwp.restapi.PsoasRestApiTest@70ab4338]" name="springTestContextBeforeTestMethod" is-config="true" duration-ms="606" started-at="2016-06-02T12:06:56Z" finished-at="2016-06-02T12:06:57Z">
          <params>
            <param index="0">
              <value>
                <![CDATA[public void com.pwp.restapi.PsoasRestApiTest.testGetContestVotes()]]>
              </value>
            </param>
          </params>
          <reporter-output>
          </reporter-output>
        </test-method> <!-- springTestContextBeforeTestMethod -->
        <test-method status="PASS" signature="testGetContestVotes()[pri:0, instance:com.pwp.restapi.PsoasRestApiTest@70ab4338]" name="testGetContestVotes" duration-ms="2023" started-at="2016-06-02T12:06:57Z" finished-at="2016-06-02T12:06:59Z">
          <reporter-output>
          </reporter-output>
        </test-method> <!-- testGetContestVotes -->
        <test-method status="PASS" signature="springTestContextAfterTestMethod(java.lang.reflect.Method)[pri:0, instance:com.pwp.restapi.PsoasRestApiTest@70ab4338]" name="springTestContextAfterTestMethod" is-config="true" duration-ms="689" started-at="2016-06-02T12:06:59Z" finished-at="2016-06-02T12:06:59Z">
          <params>
            <param index="0">
              <value>
                <![CDATA[public void com.pwp.restapi.PsoasRestApiTest.testGetContestVotes()]]>
              </value>
            </param>
          </params>
          <reporter-output>
          </reporter-output>
        </test-method> <!-- springTestContextAfterTestMethod -->
        <test-method status="PASS" signature="springTestContextBeforeTestMethod(java.lang.reflect.Method)[pri:0, instance:com.pwp.restapi.PsoasRestApiTest@70ab4338]" name="springTestContextBeforeTestMethod" is-config="true" duration-ms="586" started-at="2016-06-02T12:06:59Z" finished-at="2016-06-02T12:07:00Z">
          <params>
            <param index="0">
              <value>
                <![CDATA[public void com.pwp.restapi.PsoasRestApiTest.testGetContestVotes405()]]>
              </value>
            </param>
          </params>
          <reporter-output>
          </reporter-output>
        </test-method> <!-- springTestContextBeforeTestMethod -->
        <test-method status="PASS" signature="testGetContestVotes405()[pri:0, instance:com.pwp.restapi.PsoasRestApiTest@70ab4338]" name="testGetContestVotes405" duration-ms="2016" started-at="2016-06-02T12:07:00Z" finished-at="2016-06-02T12:07:02Z">
          <reporter-output>
          </reporter-output>
        </test-method> <!-- testGetContestVotes405 -->
        <test-method status="PASS" signature="springTestContextAfterTestMethod(java.lang.reflect.Method)[pri:0, instance:com.pwp.restapi.PsoasRestApiTest@70ab4338]" name="springTestContextAfterTestMethod" is-config="true" duration-ms="303" started-at="2016-06-02T12:07:02Z" finished-at="2016-06-02T12:07:02Z">
          <params>
            <param index="0">
              <value>
                <![CDATA[public void com.pwp.restapi.PsoasRestApiTest.testGetContestVotes405()]]>
              </value>
            </param>
          </params>
          <reporter-output>
          </reporter-output>
        </test-method> <!-- springTestContextAfterTestMethod -->
        <test-method status="PASS" signature="springTestContextBeforeTestMethod(java.lang.reflect.Method)[pri:0, instance:com.pwp.restapi.PsoasRestApiTest@70ab4338]" name="springTestContextBeforeTestMethod" is-config="true" duration-ms="504" started-at="2016-06-02T12:07:02Z" finished-at="2016-06-02T12:07:03Z">
          <params>
            <param index="0">
              <value>
                <![CDATA[public void com.pwp.restapi.PsoasRestApiTest.testGetContestsCollection()]]>
              </value>
            </param>
          </params>
          <reporter-output>
          </reporter-output>
        </test-method> <!-- springTestContextBeforeTestMethod -->
        <test-method status="PASS" signature="testGetContestsCollection()[pri:0, instance:com.pwp.restapi.PsoasRestApiTest@70ab4338]" name="testGetContestsCollection" duration-ms="2426" started-at="2016-06-02T12:07:03Z" finished-at="2016-06-02T12:07:05Z">
          <reporter-output>
          </reporter-output>
        </test-method> <!-- testGetContestsCollection -->
        <test-method status="PASS" signature="springTestContextAfterTestMethod(java.lang.reflect.Method)[pri:0, instance:com.pwp.restapi.PsoasRestApiTest@70ab4338]" name="springTestContextAfterTestMethod" is-config="true" duration-ms="254" started-at="2016-06-02T12:07:05Z" finished-at="2016-06-02T12:07:06Z">
          <params>
            <param index="0">
              <value>
                <![CDATA[public void com.pwp.restapi.PsoasRestApiTest.testGetContestsCollection()]]>
              </value>
            </param>
          </params>
          <reporter-output>
          </reporter-output>
        </test-method> <!-- springTestContextAfterTestMethod -->
        <test-method status="PASS" signature="springTestContextBeforeTestMethod(java.lang.reflect.Method)[pri:0, instance:com.pwp.restapi.PsoasRestApiTest@70ab4338]" name="springTestContextBeforeTestMethod" is-config="true" duration-ms="586" started-at="2016-06-02T12:07:06Z" finished-at="2016-06-02T12:07:06Z">
          <params>
            <param index="0">
              <value>
                <![CDATA[public void com.pwp.restapi.PsoasRestApiTest.testGetContestsCollection405()]]>
              </value>
            </param>
          </params>
          <reporter-output>
          </reporter-output>
        </test-method> <!-- springTestContextBeforeTestMethod -->
        <test-method status="PASS" signature="testGetContestsCollection405()[pri:0, instance:com.pwp.restapi.PsoasRestApiTest@70ab4338]" name="testGetContestsCollection405" duration-ms="2021" started-at="2016-06-02T12:07:06Z" finished-at="2016-06-02T12:07:08Z">
          <reporter-output>
          </reporter-output>
        </test-method> <!-- testGetContestsCollection405 -->
        <test-method status="PASS" signature="springTestContextAfterTestMethod(java.lang.reflect.Method)[pri:0, instance:com.pwp.restapi.PsoasRestApiTest@70ab4338]" name="springTestContextAfterTestMethod" is-config="true" duration-ms="494" started-at="2016-06-02T12:07:08Z" finished-at="2016-06-02T12:07:09Z">
          <params>
            <param index="0">
              <value>
                <![CDATA[public void com.pwp.restapi.PsoasRestApiTest.testGetContestsCollection405()]]>
              </value>
            </param>
          </params>
          <reporter-output>
          </reporter-output>
        </test-method> <!-- springTestContextAfterTestMethod -->
        <test-method status="PASS" signature="springTestContextBeforeTestMethod(java.lang.reflect.Method)[pri:0, instance:com.pwp.restapi.PsoasRestApiTest@70ab4338]" name="springTestContextBeforeTestMethod" is-config="true" duration-ms="511" started-at="2016-06-02T12:07:09Z" finished-at="2016-06-02T12:07:09Z">
          <params>
            <param index="0">
              <value>
                <![CDATA[public void com.pwp.restapi.PsoasRestApiTest.testGetUserSettingsCollection()]]>
              </value>
            </param>
          </params>
          <reporter-output>
          </reporter-output>
        </test-method> <!-- springTestContextBeforeTestMethod -->
        <test-method status="PASS" signature="testGetUserSettingsCollection()[pri:0, instance:com.pwp.restapi.PsoasRestApiTest@70ab4338]" name="testGetUserSettingsCollection" duration-ms="2313" started-at="2016-06-02T12:07:09Z" finished-at="2016-06-02T12:07:11Z">
          <reporter-output>
          </reporter-output>
        </test-method> <!-- testGetUserSettingsCollection -->
        <test-method status="PASS" signature="springTestContextAfterTestMethod(java.lang.reflect.Method)[pri:0, instance:com.pwp.restapi.PsoasRestApiTest@70ab4338]" name="springTestContextAfterTestMethod" is-config="true" duration-ms="390" started-at="2016-06-02T12:07:11Z" finished-at="2016-06-02T12:07:12Z">
          <params>
            <param index="0">
              <value>
                <![CDATA[public void com.pwp.restapi.PsoasRestApiTest.testGetUserSettingsCollection()]]>
              </value>
            </param>
          </params>
          <reporter-output>
          </reporter-output>
        </test-method> <!-- springTestContextAfterTestMethod -->
        <test-method status="PASS" signature="springTestContextBeforeTestMethod(java.lang.reflect.Method)[pri:0, instance:com.pwp.restapi.PsoasRestApiTest@70ab4338]" name="springTestContextBeforeTestMethod" is-config="true" duration-ms="506" started-at="2016-06-02T12:07:12Z" finished-at="2016-06-02T12:07:12Z">
          <params>
            <param index="0">
              <value>
                <![CDATA[public void com.pwp.restapi.PsoasRestApiTest.testGetUserSettingsCollection405()]]>
              </value>
            </param>
          </params>
          <reporter-output>
          </reporter-output>
        </test-method> <!-- springTestContextBeforeTestMethod -->
        <test-method status="PASS" signature="testGetUserSettingsCollection405()[pri:0, instance:com.pwp.restapi.PsoasRestApiTest@70ab4338]" name="testGetUserSettingsCollection405" duration-ms="2015" started-at="2016-06-02T12:07:12Z" finished-at="2016-06-02T12:07:14Z">
          <reporter-output>
          </reporter-output>
        </test-method> <!-- testGetUserSettingsCollection405 -->
        <test-method status="PASS" signature="springTestContextAfterTestMethod(java.lang.reflect.Method)[pri:0, instance:com.pwp.restapi.PsoasRestApiTest@70ab4338]" name="springTestContextAfterTestMethod" is-config="true" duration-ms="253" started-at="2016-06-02T12:07:14Z" finished-at="2016-06-02T12:07:15Z">
          <params>
            <param index="0">
              <value>
                <![CDATA[public void com.pwp.restapi.PsoasRestApiTest.testGetUserSettingsCollection405()]]>
              </value>
            </param>
          </params>
          <reporter-output>
          </reporter-output>
        </test-method> <!-- springTestContextAfterTestMethod -->
        <test-method status="PASS" signature="springTestContextBeforeTestMethod(java.lang.reflect.Method)[pri:0, instance:com.pwp.restapi.PsoasRestApiTest@70ab4338]" name="springTestContextBeforeTestMethod" is-config="true" duration-ms="561" started-at="2016-06-02T12:07:15Z" finished-at="2016-06-02T12:07:15Z">
          <params>
            <param index="0">
              <value>
                <![CDATA[public void com.pwp.restapi.PsoasRestApiTest.testInvalidEmail()]]>
              </value>
            </param>
          </params>
          <reporter-output>
          </reporter-output>
        </test-method> <!-- springTestContextBeforeTestMethod -->
        <test-method status="PASS" signature="testInvalidEmail()[pri:0, instance:com.pwp.restapi.PsoasRestApiTest@70ab4338]" name="testInvalidEmail" duration-ms="2104" started-at="2016-06-02T12:07:15Z" finished-at="2016-06-02T12:07:17Z">
          <reporter-output>
          </reporter-output>
        </test-method> <!-- testInvalidEmail -->
        <test-method status="PASS" signature="springTestContextAfterTestMethod(java.lang.reflect.Method)[pri:0, instance:com.pwp.restapi.PsoasRestApiTest@70ab4338]" name="springTestContextAfterTestMethod" is-config="true" duration-ms="413" started-at="2016-06-02T12:07:17Z" finished-at="2016-06-02T12:07:18Z">
          <params>
            <param index="0">
              <value>
                <![CDATA[public void com.pwp.restapi.PsoasRestApiTest.testInvalidEmail()]]>
              </value>
            </param>
          </params>
          <reporter-output>
          </reporter-output>
        </test-method> <!-- springTestContextAfterTestMethod -->
        <test-method status="PASS" signature="springTestContextBeforeTestMethod(java.lang.reflect.Method)[pri:0, instance:com.pwp.restapi.PsoasRestApiTest@70ab4338]" name="springTestContextBeforeTestMethod" is-config="true" duration-ms="590" started-at="2016-06-02T12:07:18Z" finished-at="2016-06-02T12:07:18Z">
          <params>
            <param index="0">
              <value>
                <![CDATA[public void com.pwp.restapi.PsoasRestApiTest.testUpdateEmail()]]>
              </value>
            </param>
          </params>
          <reporter-output>
          </reporter-output>
        </test-method> <!-- springTestContextBeforeTestMethod -->
        <test-method status="PASS" signature="testUpdateEmail()[pri:0, instance:com.pwp.restapi.PsoasRestApiTest@70ab4338]" name="testUpdateEmail" duration-ms="2530" started-at="2016-06-02T12:07:18Z" finished-at="2016-06-02T12:07:21Z">
          <reporter-output>
          </reporter-output>
        </test-method> <!-- testUpdateEmail -->
        <test-method status="PASS" signature="springTestContextAfterTestMethod(java.lang.reflect.Method)[pri:0, instance:com.pwp.restapi.PsoasRestApiTest@70ab4338]" name="springTestContextAfterTestMethod" is-config="true" duration-ms="456" started-at="2016-06-02T12:07:21Z" finished-at="2016-06-02T12:07:21Z">
          <params>
            <param index="0">
              <value>
                <![CDATA[public void com.pwp.restapi.PsoasRestApiTest.testUpdateEmail()]]>
              </value>
            </param>
          </params>
          <reporter-output>
          </reporter-output>
        </test-method> <!-- springTestContextAfterTestMethod -->
        <test-method status="PASS" signature="springTestContextBeforeTestMethod(java.lang.reflect.Method)[pri:0, instance:com.pwp.restapi.PsoasRestApiTest@70ab4338]" name="springTestContextBeforeTestMethod" is-config="true" duration-ms="624" started-at="2016-06-02T12:07:21Z" finished-at="2016-06-02T12:07:22Z">
          <params>
            <param index="0">
              <value>
                <![CDATA[public void com.pwp.restapi.PsoasRestApiTest.testUpdateEmail405()]]>
              </value>
            </param>
          </params>
          <reporter-output>
          </reporter-output>
        </test-method> <!-- springTestContextBeforeTestMethod -->
        <test-method status="PASS" signature="testUpdateEmail405()[pri:0, instance:com.pwp.restapi.PsoasRestApiTest@70ab4338]" name="testUpdateEmail405" duration-ms="2032" started-at="2016-06-02T12:07:22Z" finished-at="2016-06-02T12:07:24Z">
          <reporter-output>
          </reporter-output>
        </test-method> <!-- testUpdateEmail405 -->
        <test-method status="PASS" signature="springTestContextAfterTestMethod(java.lang.reflect.Method)[pri:0, instance:com.pwp.restapi.PsoasRestApiTest@70ab4338]" name="springTestContextAfterTestMethod" is-config="true" duration-ms="272" started-at="2016-06-02T12:07:24Z" finished-at="2016-06-02T12:07:24Z">
          <params>
            <param index="0">
              <value>
                <![CDATA[public void com.pwp.restapi.PsoasRestApiTest.testUpdateEmail405()]]>
              </value>
            </param>
          </params>
          <reporter-output>
          </reporter-output>
        </test-method> <!-- springTestContextAfterTestMethod -->
        <test-method status="PASS" signature="springTestContextBeforeTestMethod(java.lang.reflect.Method)[pri:0, instance:com.pwp.restapi.PsoasRestApiTest@70ab4338]" name="springTestContextBeforeTestMethod" is-config="true" duration-ms="494" started-at="2016-06-02T12:07:24Z" finished-at="2016-06-02T12:07:25Z">
          <params>
            <param index="0">
              <value>
                <![CDATA[public void com.pwp.restapi.PsoasRestApiTest.testUpdateSettings()]]>
              </value>
            </param>
          </params>
          <reporter-output>
          </reporter-output>
        </test-method> <!-- springTestContextBeforeTestMethod -->
        <test-method status="PASS" signature="testUpdateSettings()[pri:0, instance:com.pwp.restapi.PsoasRestApiTest@70ab4338]" name="testUpdateSettings" duration-ms="2245" started-at="2016-06-02T12:07:25Z" finished-at="2016-06-02T12:07:27Z">
          <reporter-output>
          </reporter-output>
        </test-method> <!-- testUpdateSettings -->
        <test-method status="PASS" signature="springTestContextAfterTestMethod(java.lang.reflect.Method)[pri:0, instance:com.pwp.restapi.PsoasRestApiTest@70ab4338]" name="springTestContextAfterTestMethod" is-config="true" duration-ms="250" started-at="2016-06-02T12:07:27Z" finished-at="2016-06-02T12:07:27Z">
          <params>
            <param index="0">
              <value>
                <![CDATA[public void com.pwp.restapi.PsoasRestApiTest.testUpdateSettings()]]>
              </value>
            </param>
          </params>
          <reporter-output>
          </reporter-output>
        </test-method> <!-- springTestContextAfterTestMethod -->
        <test-method status="PASS" signature="springTestContextBeforeTestMethod(java.lang.reflect.Method)[pri:0, instance:com.pwp.restapi.PsoasRestApiTest@70ab4338]" name="springTestContextBeforeTestMethod" is-config="true" duration-ms="598" started-at="2016-06-02T12:07:27Z" finished-at="2016-06-02T12:07:28Z">
          <params>
            <param index="0">
              <value>
                <![CDATA[public void com.pwp.restapi.PsoasRestApiTest.testUpdateSettings405()]]>
              </value>
            </param>
          </params>
          <reporter-output>
          </reporter-output>
        </test-method> <!-- springTestContextBeforeTestMethod -->
        <test-method status="PASS" signature="testUpdateSettings405()[pri:0, instance:com.pwp.restapi.PsoasRestApiTest@70ab4338]" name="testUpdateSettings405" duration-ms="2016" started-at="2016-06-02T12:07:28Z" finished-at="2016-06-02T12:07:30Z">
          <reporter-output>
          </reporter-output>
        </test-method> <!-- testUpdateSettings405 -->
        <test-method status="PASS" signature="springTestContextAfterTestMethod(java.lang.reflect.Method)[pri:0, instance:com.pwp.restapi.PsoasRestApiTest@70ab4338]" name="springTestContextAfterTestMethod" is-config="true" duration-ms="284" started-at="2016-06-02T12:07:30Z" finished-at="2016-06-02T12:07:30Z">
          <params>
            <param index="0">
              <value>
                <![CDATA[public void com.pwp.restapi.PsoasRestApiTest.testUpdateSettings405()]]>
              </value>
            </param>
          </params>
          <reporter-output>
          </reporter-output>
        </test-method> <!-- springTestContextAfterTestMethod -->
        <test-method status="PASS" signature="springTestContextAfterTestClass()[pri:0, instance:com.pwp.restapi.PsoasRestApiTest@70ab4338]" name="springTestContextAfterTestClass" is-config="true" duration-ms="0" started-at="2016-06-02T12:07:30Z" finished-at="2016-06-02T12:07:30Z">
          <reporter-output>
          </reporter-output>
        </test-method> <!-- springTestContextAfterTestClass -->
      </class> <!-- com.pwp.restapi.PsoasRestApiTest -->
    </test> <!-- Default test -->
  </suite> <!-- Default suite -->
</testng-results>
